
/home/india/workspace/mywork/mysite/mysite/settings.py changed, reloading.
2023-06-15 12:36:49,428 INFO autoreload 668 Watching for file changes with StatReloader
2023-06-15 12:36:49,439 DEBUG views 18 This is a debug message
2023-06-15 12:36:49,439 INFO views 19 This is an info message
2023-06-15 12:36:49,440 WARNING views 20 This is a warning message
2023-06-15 12:36:49,440 ERROR views 21 This is an error message
2023-06-15 12:36:50,677 INFO autoreload 266 /home/india/workspace/mywork/mysite/mysite/settings.py changed, reloading.
2023-06-15 12:36:51,164 INFO autoreload 668 Watching for file changes with StatReloader
2023-06-15 12:36:51,183 DEBUG views 18 This is a debug message
2023-06-15 12:36:51,184 INFO views 19 This is an info message
2023-06-15 12:36:51,184 WARNING views 20 This is a warning message
2023-06-15 12:36:51,184 ERROR views 21 This is an error message
2023-06-15 12:36:53,545 INFO autoreload 266 /home/india/workspace/mywork/mysite/mysite/settings.py changed, reloading.
2023-06-15 12:36:54,119 INFO autoreload 668 Watching for file changes with StatReloader
2023-06-15 12:36:54,135 DEBUG views 18 This is a debug message
2023-06-15 12:36:54,135 INFO views 19 This is an info message
2023-06-15 12:36:54,136 WARNING views 20 This is a warning message
2023-06-15 12:36:54,136 ERROR views 21 This is an error message
2023-06-15 12:38:10,335 INFO autoreload 266 /home/india/workspace/mywork/mysite/blog/views.py changed, reloading.
2023-06-15 12:38:10,777 INFO autoreload 668 Watching for file changes with StatReloader
2023-06-15 12:38:10,790 DEBUG views 18 This is a debug message
2023-06-15 12:38:10,790 INFO views 19 This is an info message
2023-06-15 12:38:10,791 WARNING views 20 This is a warning message
2023-06-15 12:38:10,792 ERROR views 21 This is an error message
2023-06-15 12:38:19,226 INFO autoreload 266 /home/india/workspace/mywork/mysite/blog/views.py changed, reloading.
2023-06-15 12:38:19,760 INFO autoreload 668 Watching for file changes with StatReloader
2023-06-16 04:38:39,723 INFO autoreload 266 /home/india/workspace/mywork/mysite/blog/views.py changed, reloading.
2023-06-16 04:38:40,339 INFO autoreload 668 Watching for file changes with StatReloader
2023-06-16 04:38:40,363 INFO views 22 
2023-06-16 04:38:43,705 INFO autoreload 266 /home/india/workspace/mywork/mysite/blog/views.py changed, reloading.
2023-06-16 04:38:44,293 INFO autoreload 668 Watching for file changes with StatReloader
2023-06-16 04:40:22,030 INFO autoreload 266 /home/india/workspace/mywork/mysite/blog/views.py changed, reloading.
2023-06-16 04:40:22,637 INFO autoreload 668 Watching for file changes with StatReloader
